nohup: ignoring input
dos2unix: 正在轉換 /home/kaijyun/Code/Python/Feature_Selection/Discriminating_Method.py 為Unix 格式...
dos2unix: 正在轉換 /home/kaijyun/Code/Python/Feature_Selection/Correlation_Method.py 為Unix 格式...
dos2unix: 正在轉換 /home/kaijyun/Code/Python/Feature_Selection/Information_Method.py 為Unix 格式...
dos2unix: 正在轉換 /home/kaijyun/Code/Python/ML_Feature_Selection.py 為Unix 格式...
mkdir: 無法建立目錄‘/home/kaijyun/Data/Feature_Selection/’: 檔案已存在
Read csv with chunks:  0.009087085723876953 sec
data has been import 
===== Environment =====
Measurement Interval: 1 sec
cpu count: 32
Total Virtual Memory : 219.657  GB
===== CPU usage and Memory usage =====
cpu percent: 0.3
Function 'singleLabelFeatureCorreltionColIndex' takes Virsualal Memory in  1.756011962890625  GB usage
Virtual Memory in available of  214.325  GB
Function 'singleLabelFeatureCorreltionColIndex' executed in 00:23:54s
===== DONE !!! =====
===== Environment =====
Measurement Interval: 1 sec
cpu count: 32
Total Virtual Memory : 219.657  GB
===== CPU usage and Memory usage =====
cpu percent: 0.2
Function 'singleLabelDiscriminationColIndex' takes Virsualal Memory in  0.7539329528808594  GB usage
Virtual Memory in available of  213.118  GB
Function 'singleLabelDiscriminationColIndex' executed in 00:33:25s
===== DONE !!! =====
===== Environment =====
Measurement Interval: 1 sec
cpu count: 32
Total Virtual Memory : 219.657  GB
===== CPU usage and Memory usage =====
cpu percent: 0.3
Function 'singleLabelPermutationDiscriminationColIndex' takes Virsualal Memory in  0.4607963562011719  GB usage
Virtual Memory in available of  213.564  GB
Function 'singleLabelPermutationDiscriminationColIndex' executed in 00:35:58s
===== DONE !!! =====
===== Environment =====
Measurement Interval: 1 sec
cpu count: 32
Total Virtual Memory : 219.657  GB
===== CPU usage and Memory usage =====
cpu percent: 0.0
Function 'singleLabelInformativeColIndex' takes Virsualal Memory in  2.015094757080078  GB usage
Virtual Memory in available of  215.121  GB
Function 'singleLabelInformativeColIndex' executed in 02:08:25s
===== DONE !!! =====
718
36
3
135
('LabelFeatureCorreltion', 'LabelDiscrimination', 'LabelPermutationDiscrimination') :  3
===== Environment =====
Measurement Interval: 1 sec
cpu count: 32
Total Virtual Memory : 219.657  GB
===== CPU usage and Memory usage =====
cpu percent: 0.0
Function 'FeatureFeatureCorrelationColIndex' takes Virsualal Memory in  0.0  GB usage
Virtual Memory in available of  215.575  GB
Function 'FeatureFeatureCorrelationColIndex' executed in 00:00:01s
===== DONE !!! =====
FeatureFeatureCorrelation_list:  0
('LabelFeatureCorreltion', 'LabelDiscrimination', 'LabelInformative') :  19
===== Environment =====
Measurement Interval: 1 sec
cpu count: 32
Total Virtual Memory : 219.657  GB
===== CPU usage and Memory usage =====
cpu percent: 0.0
Function 'FeatureFeatureCorrelationColIndex' takes Virsualal Memory in  0.0  GB usage
Virtual Memory in available of  215.575  GB
Function 'FeatureFeatureCorrelationColIndex' executed in 00:00:01s
===== DONE !!! =====
FeatureFeatureCorrelation_list:  19
('LabelFeatureCorreltion', 'LabelPermutationDiscrimination', 'LabelInformative') :  1
===== Environment =====
Measurement Interval: 1 sec
cpu count: 32
Total Virtual Memory : 219.657  GB
===== CPU usage and Memory usage =====
cpu percent: 0.0
Function 'FeatureFeatureCorrelationColIndex' takes Virsualal Memory in  0.0  GB usage
Virtual Memory in available of  215.575  GB
Function 'FeatureFeatureCorrelationColIndex' executed in 00:00:01s
===== DONE !!! =====
FeatureFeatureCorrelation_list:  0
('LabelDiscrimination', 'LabelPermutationDiscrimination', 'LabelInformative') :  1
===== Environment =====
Measurement Interval: 1 sec
cpu count: 32
Total Virtual Memory : 219.657  GB
===== CPU usage and Memory usage =====
cpu percent: 0.0
Function 'FeatureFeatureCorrelationColIndex' takes Virsualal Memory in  0.0  GB usage
Virtual Memory in available of  215.575  GB
Function 'FeatureFeatureCorrelationColIndex' executed in 00:00:01s
===== DONE !!! =====
FeatureFeatureCorrelation_list:  0
DONE
Raw_Count_Table.Gene_Remain_Proportion.Concatenation.random_domain--1000.iter--0.txt
Read csv with chunks:  0.009113788604736328 sec
data has been import 
===== Environment =====
Measurement Interval: 1 sec
cpu count: 32
Total Virtual Memory : 219.657  GB
===== CPU usage and Memory usage =====
cpu percent: 0.4
Function 'singleLabelFeatureCorreltionColIndex' takes Virsualal Memory in  1.7427330017089844  GB usage
Virtual Memory in available of  214.338  GB
Function 'singleLabelFeatureCorreltionColIndex' executed in 00:23:52s
===== DONE !!! =====
===== Environment =====
Measurement Interval: 1 sec
cpu count: 32
Total Virtual Memory : 219.657  GB
===== CPU usage and Memory usage =====
cpu percent: 0.0
Function 'singleLabelDiscriminationColIndex' takes Virsualal Memory in  0.7551040649414062  GB usage
Virtual Memory in available of  213.129  GB
Function 'singleLabelDiscriminationColIndex' executed in 00:33:31s
===== DONE !!! =====
===== Environment =====
Measurement Interval: 1 sec
cpu count: 32
Total Virtual Memory : 219.657  GB
===== CPU usage and Memory usage =====
cpu percent: 0.4
Function 'singleLabelPermutationDiscriminationColIndex' takes Virsualal Memory in  0.46900177001953125  GB usage
Virtual Memory in available of  213.567  GB
Function 'singleLabelPermutationDiscriminationColIndex' executed in 00:36:00s
===== DONE !!! =====
===== Environment =====
Measurement Interval: 1 sec
cpu count: 32
Total Virtual Memory : 219.657  GB
===== CPU usage and Memory usage =====
cpu percent: 0.0
Function 'singleLabelInformativeColIndex' takes Virsualal Memory in  2.012470245361328  GB usage
Virtual Memory in available of  215.123  GB
Function 'singleLabelInformativeColIndex' executed in 03:09:56s
===== DONE !!! =====
750
24
4
576
('LabelFeatureCorreltion', 'LabelDiscrimination', 'LabelPermutationDiscrimination') :  3
===== Environment =====
Measurement Interval: 1 sec
cpu count: 32
Total Virtual Memory : 219.657  GB
===== CPU usage and Memory usage =====
cpu percent: 0.0
Function 'FeatureFeatureCorrelationColIndex' takes Virsualal Memory in  0.0  GB usage
Virtual Memory in available of  215.576  GB
Function 'FeatureFeatureCorrelationColIndex' executed in 00:00:01s
===== DONE !!! =====
FeatureFeatureCorrelation_list:  3
('LabelFeatureCorreltion', 'LabelDiscrimination', 'LabelInformative') :  9
===== Environment =====
Measurement Interval: 1 sec
cpu count: 32
Total Virtual Memory : 219.657  GB
===== CPU usage and Memory usage =====
cpu percent: 0.0
Function 'FeatureFeatureCorrelationColIndex' takes Virsualal Memory in  0.0  GB usage
Virtual Memory in available of  215.576  GB
Function 'FeatureFeatureCorrelationColIndex' executed in 00:00:01s
===== DONE !!! =====
FeatureFeatureCorrelation_list:  9
('LabelFeatureCorreltion', 'LabelPermutationDiscrimination', 'LabelInformative') :  2
===== Environment =====
Measurement Interval: 1 sec
cpu count: 32
Total Virtual Memory : 219.657  GB
===== CPU usage and Memory usage =====
cpu percent: 0.0
Function 'FeatureFeatureCorrelationColIndex' takes Virsualal Memory in  0.0  GB usage
Virtual Memory in available of  215.576  GB
Function 'FeatureFeatureCorrelationColIndex' executed in 00:00:01s
===== DONE !!! =====
FeatureFeatureCorrelation_list:  2
('LabelDiscrimination', 'LabelPermutationDiscrimination', 'LabelInformative') :  1
===== Environment =====
Measurement Interval: 1 sec
cpu count: 32
Total Virtual Memory : 219.657  GB
===== CPU usage and Memory usage =====
cpu percent: 0.0
Function 'FeatureFeatureCorrelationColIndex' takes Virsualal Memory in  0.0  GB usage
Virtual Memory in available of  215.576  GB
Function 'FeatureFeatureCorrelationColIndex' executed in 00:00:01s
===== DONE !!! =====
FeatureFeatureCorrelation_list:  0
DONE
Raw_Count_Table.Gene_Remain_Proportion.Concatenation.random_domain--1000.iter--1.txt
Read csv with chunks:  0.00912785530090332 sec
data has been import 
===== Environment =====
Measurement Interval: 1 sec
cpu count: 32
Total Virtual Memory : 219.657  GB
===== CPU usage and Memory usage =====
cpu percent: 0.3
Function 'singleLabelFeatureCorreltionColIndex' takes Virsualal Memory in  1.7460670471191406  GB usage
Virtual Memory in available of  214.333  GB
Function 'singleLabelFeatureCorreltionColIndex' executed in 00:23:46s
===== DONE !!! =====
===== Environment =====
Measurement Interval: 1 sec
cpu count: 32
Total Virtual Memory : 219.657  GB
===== CPU usage and Memory usage =====
cpu percent: 0.1
Function 'singleLabelDiscriminationColIndex' takes Virsualal Memory in  0.7515640258789062  GB usage
Virtual Memory in available of  213.129  GB
Function 'singleLabelDiscriminationColIndex' executed in 00:43:57s
===== DONE !!! =====
===== Environment =====
Measurement Interval: 1 sec
cpu count: 32
Total Virtual Memory : 219.657  GB
===== CPU usage and Memory usage =====
cpu percent: 0.3
Function 'singleLabelPermutationDiscriminationColIndex' takes Virsualal Memory in  0.4651031494140625  GB usage
Virtual Memory in available of  213.571  GB
Function 'singleLabelPermutationDiscriminationColIndex' executed in 00:35:59s
===== DONE !!! =====
===== Environment =====
Measurement Interval: 1 sec
cpu count: 32
Total Virtual Memory : 219.657  GB
===== CPU usage and Memory usage =====
cpu percent: 0.0
Function 'singleLabelInformativeColIndex' takes Virsualal Memory in  2.0069007873535156  GB usage
Virtual Memory in available of  215.121  GB
Function 'singleLabelInformativeColIndex' executed in 01:53:38s
===== DONE !!! =====
733
34
4
16
('LabelFeatureCorreltion', 'LabelDiscrimination', 'LabelPermutationDiscrimination') :  3
===== Environment =====
Measurement Interval: 1 sec
cpu count: 32
Total Virtual Memory : 219.657  GB
===== CPU usage and Memory usage =====
cpu percent: 0.0
Function 'FeatureFeatureCorrelationColIndex' takes Virsualal Memory in  0.0  GB usage
Virtual Memory in available of  215.574  GB
Function 'FeatureFeatureCorrelationColIndex' executed in 00:00:01s
===== DONE !!! =====
FeatureFeatureCorrelation_list:  3
('LabelFeatureCorreltion', 'LabelDiscrimination', 'LabelInformative') :  10
===== Environment =====
Measurement Interval: 1 sec
cpu count: 32
Total Virtual Memory : 219.657  GB
===== CPU usage and Memory usage =====
cpu percent: 0.0
Function 'FeatureFeatureCorrelationColIndex' takes Virsualal Memory in  0.0  GB usage
Virtual Memory in available of  215.574  GB
Function 'FeatureFeatureCorrelationColIndex' executed in 00:00:01s
===== DONE !!! =====
FeatureFeatureCorrelation_list:  10
('LabelFeatureCorreltion', 'LabelPermutationDiscrimination', 'LabelInformative') :  1
===== Environment =====
Measurement Interval: 1 sec
cpu count: 32
Total Virtual Memory : 219.657  GB
===== CPU usage and Memory usage =====
cpu percent: 0.1
Function 'FeatureFeatureCorrelationColIndex' takes Virsualal Memory in  0.0  GB usage
Virtual Memory in available of  215.574  GB
Function 'FeatureFeatureCorrelationColIndex' executed in 00:00:01s
===== DONE !!! =====
FeatureFeatureCorrelation_list:  0
('LabelDiscrimination', 'LabelPermutationDiscrimination', 'LabelInformative') :  1
===== Environment =====
Measurement Interval: 1 sec
cpu count: 32
Total Virtual Memory : 219.657  GB
===== CPU usage and Memory usage =====
cpu percent: 0.0
Function 'FeatureFeatureCorrelationColIndex' takes Virsualal Memory in  0.0  GB usage
Virtual Memory in available of  215.574  GB
Function 'FeatureFeatureCorrelationColIndex' executed in 00:00:01s
===== DONE !!! =====
FeatureFeatureCorrelation_list:  0
DONE
Raw_Count_Table.Gene_Remain_Proportion.Concatenation.random_domain--1000.iter--2.txt
Read csv with chunks:  0.009163618087768555 sec
data has been import 
===== Environment =====
Measurement Interval: 1 sec
cpu count: 32
Total Virtual Memory : 219.657  GB
===== CPU usage and Memory usage =====
cpu percent: 0.3
Function 'singleLabelFeatureCorreltionColIndex' takes Virsualal Memory in  1.6674346923828125  GB usage
Virtual Memory in available of  214.412  GB
Function 'singleLabelFeatureCorreltionColIndex' executed in 00:23:45s
===== DONE !!! =====
===== Environment =====
Measurement Interval: 1 sec
cpu count: 32
Total Virtual Memory : 219.657  GB
===== CPU usage and Memory usage =====
cpu percent: 0.0
Function 'singleLabelDiscriminationColIndex' takes Virsualal Memory in  0.8059196472167969  GB usage
Virtual Memory in available of  213.153  GB
Function 'singleLabelDiscriminationColIndex' executed in 00:42:57s
===== DONE !!! =====
===== Environment =====
Measurement Interval: 1 sec
cpu count: 32
Total Virtual Memory : 219.657  GB
===== CPU usage and Memory usage =====
cpu percent: 0.7
Function 'singleLabelPermutationDiscriminationColIndex' takes Virsualal Memory in  0.5345649719238281  GB usage
Virtual Memory in available of  213.526  GB
Function 'singleLabelPermutationDiscriminationColIndex' executed in 00:35:55s
===== DONE !!! =====
===== Environment =====
Measurement Interval: 1 sec
cpu count: 32
Total Virtual Memory : 219.657  GB
===== CPU usage and Memory usage =====
cpu percent: 0.0
Function 'singleLabelInformativeColIndex' takes Virsualal Memory in  2.049724578857422  GB usage
Virtual Memory in available of  215.12  GB
Function 'singleLabelInformativeColIndex' executed in 03:15:25s
===== DONE !!! =====
749
28
4
535
('LabelFeatureCorreltion', 'LabelDiscrimination', 'LabelPermutationDiscrimination') :  2
===== Environment =====
Measurement Interval: 1 sec
cpu count: 32
Total Virtual Memory : 219.657  GB
===== CPU usage and Memory usage =====
cpu percent: 0.0
Function 'FeatureFeatureCorrelationColIndex' takes Virsualal Memory in  0.0  GB usage
Virtual Memory in available of  215.573  GB
Function 'FeatureFeatureCorrelationColIndex' executed in 00:00:01s
===== DONE !!! =====
FeatureFeatureCorrelation_list:  2
('LabelFeatureCorreltion', 'LabelDiscrimination', 'LabelInformative') :  10
===== Environment =====
Measurement Interval: 1 sec
cpu count: 32
Total Virtual Memory : 219.657  GB
===== CPU usage and Memory usage =====
cpu percent: 0.0
Function 'FeatureFeatureCorrelationColIndex' takes Virsualal Memory in  0.0  GB usage
Virtual Memory in available of  215.573  GB
Function 'FeatureFeatureCorrelationColIndex' executed in 00:00:01s
===== DONE !!! =====
FeatureFeatureCorrelation_list:  10
('LabelFeatureCorreltion', 'LabelPermutationDiscrimination', 'LabelInformative') :  3
===== Environment =====
Measurement Interval: 1 sec
cpu count: 32
Total Virtual Memory : 219.657  GB
===== CPU usage and Memory usage =====
cpu percent: 0.1
Function 'FeatureFeatureCorrelationColIndex' takes Virsualal Memory in  0.0  GB usage
Virtual Memory in available of  215.573  GB
Function 'FeatureFeatureCorrelationColIndex' executed in 00:00:01s
===== DONE !!! =====
FeatureFeatureCorrelation_list:  3
('LabelDiscrimination', 'LabelPermutationDiscrimination', 'LabelInformative') :  1
===== Environment =====
Measurement Interval: 1 sec
cpu count: 32
Total Virtual Memory : 219.657  GB
===== CPU usage and Memory usage =====
cpu percent: 0.0
Function 'FeatureFeatureCorrelationColIndex' takes Virsualal Memory in  0.0  GB usage
Virtual Memory in available of  215.573  GB
Function 'FeatureFeatureCorrelationColIndex' executed in 00:00:01s
===== DONE !!! =====
FeatureFeatureCorrelation_list:  0
DONE
Raw_Count_Table.Gene_Remain_Proportion.Concatenation.random_domain--1000.iter--3.txt
Read csv with chunks:  0.009102106094360352 sec
data has been import 
